<?xml version="1.0" encoding="UTF-8"?>
<robot generator="Robot 5.0.1 (Python 3.10.4 on win32)" generated="20220516 13:31:53.634" rpa="false" schemaversion="3">
<suite id="s1" name="Test" source="E:\cgi test\robotFrameworkTest\robotFrameworktest\test.robot">
<test id="s1-t1" name="User must open google and get the results" line="11">
<kw name="Log" library="BuiltIn">
<arg>${MESSAGE}</arg>
<doc>Logs the given message with the given level.</doc>
<msg timestamp="20220516 13:31:53.814" level="INFO">Hello, world!</msg>
<status status="PASS" starttime="20220516 13:31:53.814" endtime="20220516 13:31:53.814"/>
</kw>
<kw name="Log To Console" library="BuiltIn">
<arg>${MESSAGE}</arg>
<doc>Logs the given message to the console.</doc>
<status status="PASS" starttime="20220516 13:31:53.815" endtime="20220516 13:31:53.815"/>
</kw>
<kw name="Open Browser to URL">
<kw name="Open Browser" library="SeleniumLibrary">
<arg>${URL}</arg>
<arg>${BROWSER}</arg>
<doc>Opens a new browser instance to the optional ``url``.</doc>
<msg timestamp="20220516 13:31:53.816" level="INFO">Opening browser 'Chrome' to base url 'https://bing.com'.</msg>
<status status="PASS" starttime="20220516 13:31:53.815" endtime="20220516 13:31:55.216"/>
</kw>
<status status="PASS" starttime="20220516 13:31:53.815" endtime="20220516 13:31:55.216"/>
</kw>
<kw name="Input Text" library="SeleniumLibrary">
<arg>xpath://input[@id="sb_form_q"]</arg>
<arg>das ist ein test</arg>
<doc>Types the given ``text`` into the text field identified by ``locator``.</doc>
<msg timestamp="20220516 13:31:55.217" level="INFO">Typing text 'das ist ein test' into text field 'xpath://input[@id="sb_form_q"]'.</msg>
<status status="PASS" starttime="20220516 13:31:55.216" endtime="20220516 13:31:55.325"/>
</kw>
<kw name="Click Element" library="SeleniumLibrary">
<arg>xpath://label[@id="search_icon"]</arg>
<doc>Click the element identified by ``locator``.</doc>
<msg timestamp="20220516 13:31:55.326" level="INFO">Clicking element 'xpath://label[@id="search_icon"]'.</msg>
<status status="PASS" starttime="20220516 13:31:55.326" endtime="20220516 13:31:55.988"/>
</kw>
<kw name="Sleep" library="BuiltIn">
<arg>2s</arg>
<doc>Pauses the test executed for the given time.</doc>
<msg timestamp="20220516 13:31:57.990" level="INFO">Slept 2 seconds</msg>
<status status="PASS" starttime="20220516 13:31:55.988" endtime="20220516 13:31:57.990"/>
</kw>
<kw name="Click Element" library="SeleniumLibrary">
<arg>xpath://Button[@id="bnp_btn_accept"]</arg>
<doc>Click the element identified by ``locator``.</doc>
<msg timestamp="20220516 13:31:57.992" level="INFO">Clicking element 'xpath://Button[@id="bnp_btn_accept"]'.</msg>
<status status="PASS" starttime="20220516 13:31:57.992" endtime="20220516 13:31:58.109"/>
</kw>
<kw name="Sleep" library="BuiltIn">
<arg>2s</arg>
<doc>Pauses the test executed for the given time.</doc>
<msg timestamp="20220516 13:32:00.115" level="INFO">Slept 2 seconds</msg>
<status status="PASS" starttime="20220516 13:31:58.109" endtime="20220516 13:32:00.115"/>
</kw>
<kw name="Click Element" library="SeleniumLibrary">
<arg>xpath://li[@class="b_algo"][3]//h2//a</arg>
<doc>Click the element identified by ``locator``.</doc>
<msg timestamp="20220516 13:32:00.116" level="INFO">Clicking element 'xpath://li[@class="b_algo"][3]//h2//a'.</msg>
<status status="PASS" starttime="20220516 13:32:00.115" endtime="20220516 13:32:01.052"/>
</kw>
<kw name="Sleep" library="BuiltIn">
<arg>5s</arg>
<doc>Pauses the test executed for the given time.</doc>
<msg timestamp="20220516 13:32:06.062" level="INFO">Slept 5 seconds</msg>
<status status="PASS" starttime="20220516 13:32:01.052" endtime="20220516 13:32:06.062"/>
</kw>
<kw name="Close Browser" library="SeleniumLibrary">
<doc>Closes the current browser.</doc>
<status status="PASS" starttime="20220516 13:32:06.062" endtime="20220516 13:32:08.151"/>
</kw>
<status status="PASS" starttime="20220516 13:31:53.813" endtime="20220516 13:32:08.153"/>
</test>
<doc>Simple example using SeleniumLibrary.</doc>
<status status="PASS" starttime="20220516 13:31:53.635" endtime="20220516 13:32:08.156"/>
</suite>
<statistics>
<total>
<stat pass="1" fail="0" skip="0">All Tests</stat>
</total>
<tag>
</tag>
<suite>
<stat pass="1" fail="0" skip="0" id="s1" name="Test">Test</stat>
</suite>
</statistics>
<errors>
</errors>
</robot>
